          ok  Starting native_osx for sync rails-sync
          ok  rails-sync container still running, restarting unison in container
unison: stopped
unison: started
     success  Sync container started
     success  Showing unison logs from your sync container: rails-sync
[2019-12-25 19:26:30 +0900] Sync Log:  UNISON 2.51.2 (OCAML 4.06.1) started propagating changes at 19:26:26.76 on 25 Dec 2019
[2019-12-25 19:26:30 +0900] Sync Log:  [BGN] Updating file .docker-sync/daemon.log from /host_sync to /app_sync
[2019-12-25 19:26:30 +0900] Sync Log:  [END] Updating file .docker-sync/daemon.log
[2019-12-25 19:26:30 +0900] Sync Log:  UNISON 2.51.2 (OCAML 4.06.1) finished propagating changes at 19:26:26.80 on 25 Dec 2019
[2019-12-25 19:26:30 +0900] Sync Log:  Synchronization complete at 19:26:26  (1 item transferred, 0 skipped, 0 failed)
[2019-12-25 19:26:30 +0900] Sync Log:  UNISON 2.51.2 (OCAML 4.06.1) started propagating changes at 19:26:28.80 on 25 Dec 2019
[2019-12-25 19:26:30 +0900] Sync Log:  [BGN] Updating file .docker-sync/daemon.log from /host_sync to /app_sync
[2019-12-25 19:26:30 +0900] Sync Log:  [END] Updating file .docker-sync/daemon.log
[2019-12-25 19:26:30 +0900] Sync Log:  UNISON 2.51.2 (OCAML 4.06.1) finished propagating changes at 19:26:28.85 on 25 Dec 2019
[2019-12-25 19:26:30 +0900] Sync Log:  Synchronization complete at 19:26:28  (1 item transferred, 0 skipped, 0 failed)
[2019-12-25 19:33:18 +0900] Sync Log:  UNISON 2.51.2 (OCAML 4.06.1) started propagating changes at 19:33:17.92 on 25 Dec 2019
[2019-12-25 19:33:18 +0900] Sync Log:  [BGN] Deleting tmp/pids/server.pid from /host_sync
[2019-12-25 19:33:18 +0900] Sync Log:  [END] Deleting tmp/pids/server.pid
[2019-12-25 19:33:18 +0900] Sync Log:  UNISON 2.51.2 (OCAML 4.06.1) finished propagating changes at 19:33:17.94 on 25 Dec 2019
[2019-12-25 19:33:18 +0900] Sync Log:  Synchronization complete at 19:33:17  (1 item transferred, 0 skipped, 0 failed)
[2019-12-28 17:36:25 +0900] Sync Log:  UNISON 2.51.2 (OCAML 4.06.1) started propagating changes at 17:36:24.75 on 28 Dec 2019
[2019-12-28 17:36:25 +0900] Sync Log:  [BGN] Updating file app/services/skill_item_service.rb from /host_sync to /app_sync
[2019-12-28 17:36:25 +0900] Sync Log:  [END] Updating file app/services/skill_item_service.rb
[2019-12-28 17:36:25 +0900] Sync Log:  UNISON 2.51.2 (OCAML 4.06.1) finished propagating changes at 17:36:24.82 on 28 Dec 2019
[2019-12-28 17:36:25 +0900] Sync Log:  Synchronization complete at 17:36:24  (1 item transferred, 0 skipped, 0 failed)
[2019-12-28 17:37:41 +0900] Sync Log:  UNISON 2.51.2 (OCAML 4.06.1) started propagating changes at 17:37:40.94 on 28 Dec 2019
[2019-12-28 17:37:41 +0900] Sync Log:  [BGN] Copying tmp/pids/server.pid from /app_sync to /host_sync
[2019-12-28 17:37:41 +0900] Sync Log:  [END] Copying tmp/pids/server.pid
[2019-12-28 17:37:41 +0900] Sync Log:  UNISON 2.51.2 (OCAML 4.06.1) finished propagating changes at 17:37:40.96 on 28 Dec 2019
[2019-12-28 17:37:41 +0900] Sync Log:  Synchronization complete at 17:37:40  (1 item transferred, 0 skipped, 0 failed)
[2019-12-28 17:39:06 +0900] Sync Log:  UNISON 2.51.2 (OCAML 4.06.1) started propagating changes at 17:39:05.39 on 28 Dec 2019
[2019-12-28 17:39:06 +0900] Sync Log:  [BGN] Copying app/controllers/skill_items_controller copy 2.rb from /host_sync to /app_sync
[2019-12-28 17:39:06 +0900] Sync Log:  [END] Copying app/controllers/skill_items_controller copy 2.rb
[2019-12-28 17:39:06 +0900] Sync Log:  UNISON 2.51.2 (OCAML 4.06.1) finished propagating changes at 17:39:05.40 on 28 Dec 2019
[2019-12-28 17:39:06 +0900] Sync Log:  Synchronization complete at 17:39:05  (1 item transferred, 0 skipped, 0 failed)
[2019-12-28 17:39:22 +0900] Sync Log:  UNISON 2.51.2 (OCAML 4.06.1) started propagating changes at 17:39:21.72 on 28 Dec 2019
[2019-12-28 17:39:22 +0900] Sync Log:  [BGN] Deleting app/controllers/skill_items_controller copy 2.rb from /app_sync
[2019-12-28 17:39:22 +0900] Sync Log:  [END] Deleting app/controllers/skill_items_controller copy 2.rb
[2019-12-28 17:39:22 +0900] Sync Log:  UNISON 2.51.2 (OCAML 4.06.1) finished propagating changes at 17:39:21.72 on 28 Dec 2019
[2019-12-28 17:39:22 +0900] Sync Log:  Synchronization complete at 17:39:21  (1 item transferred, 0 skipped, 0 failed)
[2019-12-28 17:39:23 +0900] Sync Log:  UNISON 2.51.2 (OCAML 4.06.1) started propagating changes at 17:39:22.76 on 28 Dec 2019
[2019-12-28 17:39:23 +0900] Sync Log:  [BGN] Copying app/controllers/reviews_controller.rb from /host_sync to /app_sync
[2019-12-28 17:39:23 +0900] Sync Log:  [END] Copying app/controllers/reviews_controller.rb
[2019-12-28 17:39:23 +0900] Sync Log:  UNISON 2.51.2 (OCAML 4.06.1) finished propagating changes at 17:39:22.77 on 28 Dec 2019
[2019-12-28 17:39:23 +0900] Sync Log:  Synchronization complete at 17:39:22  (1 item transferred, 0 skipped, 0 failed)
[2019-12-28 17:39:29 +0900] Sync Log:  UNISON 2.51.2 (OCAML 4.06.1) started propagating changes at 17:39:29.15 on 28 Dec 2019
[2019-12-28 17:39:29 +0900] Sync Log:  [BGN] Updating file app/controllers/reviews_controller.rb from /host_sync to /app_sync
[2019-12-28 17:39:29 +0900] Sync Log:  [END] Updating file app/controllers/reviews_controller.rb
[2019-12-28 17:39:29 +0900] Sync Log:  UNISON 2.51.2 (OCAML 4.06.1) finished propagating changes at 17:39:29.16 on 28 Dec 2019
[2019-12-28 17:39:29 +0900] Sync Log:  Synchronization complete at 17:39:29  (1 item transferred, 0 skipped, 0 failed)
[2019-12-28 17:39:37 +0900] Sync Log:  UNISON 2.51.2 (OCAML 4.06.1) started propagating changes at 17:39:36.51 on 28 Dec 2019
[2019-12-28 17:39:37 +0900] Sync Log:  [BGN] Updating file app/controllers/reviews_controller.rb from /host_sync to /app_sync
[2019-12-28 17:39:37 +0900] Sync Log:  [END] Updating file app/controllers/reviews_controller.rb
[2019-12-28 17:39:37 +0900] Sync Log:  UNISON 2.51.2 (OCAML 4.06.1) finished propagating changes at 17:39:36.52 on 28 Dec 2019
[2019-12-28 17:39:37 +0900] Sync Log:  Synchronization complete at 17:39:36  (1 item transferred, 0 skipped, 0 failed)
[2019-12-28 17:39:42 +0900] Sync Log:  UNISON 2.51.2 (OCAML 4.06.1) started propagating changes at 17:39:41.89 on 28 Dec 2019
[2019-12-28 17:39:42 +0900] Sync Log:  [BGN] Updating file app/controllers/reviews_controller.rb from /host_sync to /app_sync
[2019-12-28 17:39:42 +0900] Sync Log:  [END] Updating file app/controllers/reviews_controller.rb
[2019-12-28 17:39:42 +0900] Sync Log:  UNISON 2.51.2 (OCAML 4.06.1) finished propagating changes at 17:39:41.90 on 28 Dec 2019
[2019-12-28 17:39:42 +0900] Sync Log:  Synchronization complete at 17:39:41  (1 item transferred, 0 skipped, 0 failed)
[2019-12-28 17:40:49 +0900] Sync Log:  UNISON 2.51.2 (OCAML 4.06.1) started propagating changes at 17:40:48.81 on 28 Dec 2019
[2019-12-28 17:40:49 +0900] Sync Log:  [BGN] Updating file app/controllers/profiles_controller.rb from /host_sync to /app_sync
[2019-12-28 17:40:49 +0900] Sync Log:  [END] Updating file app/controllers/profiles_controller.rb
[2019-12-28 17:40:49 +0900] Sync Log:  UNISON 2.51.2 (OCAML 4.06.1) finished propagating changes at 17:40:48.82 on 28 Dec 2019
[2019-12-28 17:40:49 +0900] Sync Log:  Synchronization complete at 17:40:48  (1 item transferred, 0 skipped, 0 failed)
[2019-12-28 17:40:55 +0900] Sync Log:  UNISON 2.51.2 (OCAML 4.06.1) started propagating changes at 17:40:54.65 on 28 Dec 2019
[2019-12-28 17:40:55 +0900] Sync Log:  [BGN] Updating file app/controllers/reviews_controller.rb from /host_sync to /app_sync
[2019-12-28 17:40:55 +0900] Sync Log:  [END] Updating file app/controllers/reviews_controller.rb
[2019-12-28 17:40:55 +0900] Sync Log:  UNISON 2.51.2 (OCAML 4.06.1) finished propagating changes at 17:40:54.66 on 28 Dec 2019
[2019-12-28 17:40:55 +0900] Sync Log:  Synchronization complete at 17:40:54  (1 item transferred, 0 skipped, 0 failed)
[2019-12-28 17:41:04 +0900] Sync Log:  UNISON 2.51.2 (OCAML 4.06.1) started propagating changes at 17:41:04.14 on 28 Dec 2019
[2019-12-28 17:41:04 +0900] Sync Log:  [BGN] Updating file app/controllers/profiles_controller.rb from /host_sync to /app_sync
[2019-12-28 17:41:04 +0900] Sync Log:  [END] Updating file app/controllers/profiles_controller.rb
[2019-12-28 17:41:04 +0900] Sync Log:  UNISON 2.51.2 (OCAML 4.06.1) finished propagating changes at 17:41:04.15 on 28 Dec 2019
[2019-12-28 17:41:04 +0900] Sync Log:  Synchronization complete at 17:41:04  (1 item transferred, 0 skipped, 0 failed)
[2019-12-28 17:41:09 +0900] Sync Log:  UNISON 2.51.2 (OCAML 4.06.1) started propagating changes at 17:41:09.17 on 28 Dec 2019
[2019-12-28 17:41:09 +0900] Sync Log:  [BGN] Updating file app/controllers/reviews_controller.rb from /host_sync to /app_sync
[2019-12-28 17:41:09 +0900] Sync Log:  [END] Updating file app/controllers/reviews_controller.rb
[2019-12-28 17:41:09 +0900] Sync Log:  UNISON 2.51.2 (OCAML 4.06.1) finished propagating changes at 17:41:09.18 on 28 Dec 2019
[2019-12-28 17:41:09 +0900] Sync Log:  Synchronization complete at 17:41:09  (1 item transferred, 0 skipped, 0 failed)
[2019-12-28 17:42:42 +0900] Sync Log:  UNISON 2.51.2 (OCAML 4.06.1) started propagating changes at 17:42:42.45 on 28 Dec 2019
[2019-12-28 17:42:42 +0900] Sync Log:  [BGN] Updating file app/models/review.rb from /host_sync to /app_sync
[2019-12-28 17:42:42 +0900] Sync Log:  [END] Updating file app/models/review.rb
[2019-12-28 17:42:42 +0900] Sync Log:  UNISON 2.51.2 (OCAML 4.06.1) finished propagating changes at 17:42:42.46 on 28 Dec 2019
[2019-12-28 17:42:42 +0900] Sync Log:  Synchronization complete at 17:42:42  (1 item transferred, 0 skipped, 0 failed)
[2019-12-28 17:42:45 +0900] Sync Log:  UNISON 2.51.2 (OCAML 4.06.1) started propagating changes at 17:42:44.98 on 28 Dec 2019
[2019-12-28 17:42:45 +0900] Sync Log:  [BGN] Updating file app/models/review.rb from /host_sync to /app_sync
[2019-12-28 17:42:45 +0900] Sync Log:  [END] Updating file app/models/review.rb
[2019-12-28 17:42:45 +0900] Sync Log:  UNISON 2.51.2 (OCAML 4.06.1) finished propagating changes at 17:42:44.99 on 28 Dec 2019
[2019-12-28 17:42:45 +0900] Sync Log:  Synchronization complete at 17:42:44  (1 item transferred, 0 skipped, 0 failed)
[2019-12-28 17:42:56 +0900] Sync Log:  UNISON 2.51.2 (OCAML 4.06.1) started propagating changes at 17:42:56.35 on 28 Dec 2019
[2019-12-28 17:42:56 +0900] Sync Log:  [BGN] Updating file app/models/review.rb from /host_sync to /app_sync
[2019-12-28 17:42:56 +0900] Sync Log:  [END] Updating file app/models/review.rb
[2019-12-28 17:42:56 +0900] Sync Log:  UNISON 2.51.2 (OCAML 4.06.1) finished propagating changes at 17:42:56.36 on 28 Dec 2019
[2019-12-28 17:42:56 +0900] Sync Log:  Synchronization complete at 17:42:56  (1 item transferred, 0 skipped, 0 failed)
[2019-12-28 17:42:58 +0900] Sync Log:  UNISON 2.51.2 (OCAML 4.06.1) started propagating changes at 17:42:58.39 on 28 Dec 2019
[2019-12-28 17:42:58 +0900] Sync Log:  [BGN] Updating file app/models/review.rb from /host_sync to /app_sync
[2019-12-28 17:42:58 +0900] Sync Log:  [END] Updating file app/models/review.rb
[2019-12-28 17:42:58 +0900] Sync Log:  UNISON 2.51.2 (OCAML 4.06.1) finished propagating changes at 17:42:58.40 on 28 Dec 2019
[2019-12-28 17:42:58 +0900] Sync Log:  Synchronization complete at 17:42:58  (1 item transferred, 0 skipped, 0 failed)
[2019-12-28 17:43:02 +0900] Sync Log:  UNISON 2.51.2 (OCAML 4.06.1) started propagating changes at 17:43:01.76 on 28 Dec 2019
[2019-12-28 17:43:02 +0900] Sync Log:  [BGN] Updating file app/models/review.rb from /host_sync to /app_sync
[2019-12-28 17:43:02 +0900] Sync Log:  [END] Updating file app/models/review.rb
[2019-12-28 17:43:02 +0900] Sync Log:  UNISON 2.51.2 (OCAML 4.06.1) finished propagating changes at 17:43:01.78 on 28 Dec 2019
[2019-12-28 17:43:02 +0900] Sync Log:  Synchronization complete at 17:43:01  (1 item transferred, 0 skipped, 0 failed)
[2019-12-28 17:43:04 +0900] Sync Log:  UNISON 2.51.2 (OCAML 4.06.1) started propagating changes at 17:43:04.30 on 28 Dec 2019
[2019-12-28 17:43:04 +0900] Sync Log:  [BGN] Updating file app/models/review.rb from /host_sync to /app_sync
[2019-12-28 17:43:04 +0900] Sync Log:  [END] Updating file app/models/review.rb
[2019-12-28 17:43:04 +0900] Sync Log:  UNISON 2.51.2 (OCAML 4.06.1) finished propagating changes at 17:43:04.31 on 28 Dec 2019
[2019-12-28 17:43:04 +0900] Sync Log:  Synchronization complete at 17:43:04  (1 item transferred, 0 skipped, 0 failed)
[2019-12-28 17:43:06 +0900] Sync Log:  UNISON 2.51.2 (OCAML 4.06.1) started propagating changes at 17:43:06.34 on 28 Dec 2019
[2019-12-28 17:43:06 +0900] Sync Log:  [BGN] Updating file app/models/review.rb from /host_sync to /app_sync
[2019-12-28 17:43:06 +0900] Sync Log:  [END] Updating file app/models/review.rb
[2019-12-28 17:43:06 +0900] Sync Log:  UNISON 2.51.2 (OCAML 4.06.1) finished propagating changes at 17:43:06.35 on 28 Dec 2019
[2019-12-28 17:43:06 +0900] Sync Log:  Synchronization complete at 17:43:06  (1 item transferred, 0 skipped, 0 failed)
[2019-12-28 17:43:08 +0900] Sync Log:  UNISON 2.51.2 (OCAML 4.06.1) started propagating changes at 17:43:08.37 on 28 Dec 2019
[2019-12-28 17:43:08 +0900] Sync Log:  [BGN] Updating file app/models/review.rb from /host_sync to /app_sync
[2019-12-28 17:43:08 +0900] Sync Log:  [END] Updating file app/models/review.rb
[2019-12-28 17:43:08 +0900] Sync Log:  UNISON 2.51.2 (OCAML 4.06.1) finished propagating changes at 17:43:08.38 on 28 Dec 2019
[2019-12-28 17:43:08 +0900] Sync Log:  Synchronization complete at 17:43:08  (1 item transferred, 0 skipped, 0 failed)
[2019-12-28 17:43:20 +0900] Sync Log:  UNISON 2.51.2 (OCAML 4.06.1) started propagating changes at 17:43:19.96 on 28 Dec 2019
[2019-12-28 17:43:20 +0900] Sync Log:  [BGN] Updating file app/models/review.rb from /host_sync to /app_sync
[2019-12-28 17:43:20 +0900] Sync Log:  [END] Updating file app/models/review.rb
[2019-12-28 17:43:20 +0900] Sync Log:  UNISON 2.51.2 (OCAML 4.06.1) finished propagating changes at 17:43:19.97 on 28 Dec 2019
[2019-12-28 17:43:20 +0900] Sync Log:  Synchronization complete at 17:43:19  (1 item transferred, 0 skipped, 0 failed)
[2019-12-28 17:43:23 +0900] Sync Log:  UNISON 2.51.2 (OCAML 4.06.1) started propagating changes at 17:43:23.45 on 28 Dec 2019
[2019-12-28 17:43:23 +0900] Sync Log:  [BGN] Updating file app/models/review.rb from /host_sync to /app_sync
[2019-12-28 17:43:23 +0900] Sync Log:  [END] Updating file app/models/review.rb
[2019-12-28 17:43:23 +0900] Sync Log:  UNISON 2.51.2 (OCAML 4.06.1) finished propagating changes at 17:43:23.46 on 28 Dec 2019
[2019-12-28 17:43:23 +0900] Sync Log:  Synchronization complete at 17:43:23  (1 item transferred, 0 skipped, 0 failed)
[2019-12-28 17:43:27 +0900] Sync Log:  UNISON 2.51.2 (OCAML 4.06.1) started propagating changes at 17:43:26.99 on 28 Dec 2019
[2019-12-28 17:43:27 +0900] Sync Log:  [BGN] Updating file app/models/review.rb from /host_sync to /app_sync
[2019-12-28 17:43:27 +0900] Sync Log:  [END] Updating file app/models/review.rb
[2019-12-28 17:43:27 +0900] Sync Log:  UNISON 2.51.2 (OCAML 4.06.1) finished propagating changes at 17:43:27.00 on 28 Dec 2019
[2019-12-28 17:43:27 +0900] Sync Log:  Synchronization complete at 17:43:27  (1 item transferred, 0 skipped, 0 failed)
[2019-12-28 17:43:33 +0900] Sync Log:  UNISON 2.51.2 (OCAML 4.06.1) started propagating changes at 17:43:32.95 on 28 Dec 2019
[2019-12-28 17:43:33 +0900] Sync Log:  [BGN] Updating file app/models/review.rb from /host_sync to /app_sync
[2019-12-28 17:43:33 +0900] Sync Log:  [END] Updating file app/models/review.rb
[2019-12-28 17:43:33 +0900] Sync Log:  UNISON 2.51.2 (OCAML 4.06.1) finished propagating changes at 17:43:32.96 on 28 Dec 2019
[2019-12-28 17:43:33 +0900] Sync Log:  Synchronization complete at 17:43:32  (1 item transferred, 0 skipped, 0 failed)
[2019-12-28 17:43:38 +0900] Sync Log:  UNISON 2.51.2 (OCAML 4.06.1) started propagating changes at 17:43:38.39 on 28 Dec 2019
[2019-12-28 17:43:38 +0900] Sync Log:  [BGN] Updating file app/models/review.rb from /host_sync to /app_sync
[2019-12-28 17:43:38 +0900] Sync Log:  [END] Updating file app/models/review.rb
[2019-12-28 17:43:38 +0900] Sync Log:  UNISON 2.51.2 (OCAML 4.06.1) finished propagating changes at 17:43:38.40 on 28 Dec 2019
[2019-12-28 17:43:38 +0900] Sync Log:  Synchronization complete at 17:43:38  (1 item transferred, 0 skipped, 0 failed)
[2019-12-28 17:43:41 +0900] Sync Log:  UNISON 2.51.2 (OCAML 4.06.1) started propagating changes at 17:43:41.59 on 28 Dec 2019
[2019-12-28 17:43:41 +0900] Sync Log:  [BGN] Updating file app/models/review.rb from /host_sync to /app_sync
[2019-12-28 17:43:41 +0900] Sync Log:  [END] Updating file app/models/review.rb
[2019-12-28 17:43:41 +0900] Sync Log:  UNISON 2.51.2 (OCAML 4.06.1) finished propagating changes at 17:43:41.60 on 28 Dec 2019
[2019-12-28 17:43:41 +0900] Sync Log:  Synchronization complete at 17:43:41  (1 item transferred, 0 skipped, 0 failed)
[2019-12-28 17:43:45 +0900] Sync Log:  UNISON 2.51.2 (OCAML 4.06.1) started propagating changes at 17:43:44.90 on 28 Dec 2019
[2019-12-28 17:43:45 +0900] Sync Log:  [BGN] Updating file app/models/review.rb from /host_sync to /app_sync
[2019-12-28 17:43:45 +0900] Sync Log:  [END] Updating file app/models/review.rb
[2019-12-28 17:43:45 +0900] Sync Log:  UNISON 2.51.2 (OCAML 4.06.1) finished propagating changes at 17:43:44.91 on 28 Dec 2019
[2019-12-28 17:43:45 +0900] Sync Log:  Synchronization complete at 17:43:44  (1 item transferred, 0 skipped, 0 failed)
[2019-12-28 17:43:58 +0900] Sync Log:  UNISON 2.51.2 (OCAML 4.06.1) started propagating changes at 17:43:58.65 on 28 Dec 2019
[2019-12-28 17:43:58 +0900] Sync Log:  [BGN] Updating file app/models/review.rb from /host_sync to /app_sync
[2019-12-28 17:43:58 +0900] Sync Log:  [END] Updating file app/models/review.rb
[2019-12-28 17:43:58 +0900] Sync Log:  UNISON 2.51.2 (OCAML 4.06.1) finished propagating changes at 17:43:58.66 on 28 Dec 2019
[2019-12-28 17:43:58 +0900] Sync Log:  Synchronization complete at 17:43:58  (1 item transferred, 0 skipped, 0 failed)
[2019-12-28 17:44:01 +0900] Sync Log:  UNISON 2.51.2 (OCAML 4.06.1) started propagating changes at 17:44:01.69 on 28 Dec 2019
[2019-12-28 17:44:01 +0900] Sync Log:  [BGN] Updating file app/models/review.rb from /host_sync to /app_sync
[2019-12-28 17:44:01 +0900] Sync Log:  [END] Updating file app/models/review.rb
[2019-12-28 17:44:01 +0900] Sync Log:  UNISON 2.51.2 (OCAML 4.06.1) finished propagating changes at 17:44:01.70 on 28 Dec 2019
[2019-12-28 17:44:01 +0900] Sync Log:  Synchronization complete at 17:44:01  (1 item transferred, 0 skipped, 0 failed)
[2019-12-28 17:44:18 +0900] Sync Log:  UNISON 2.51.2 (OCAML 4.06.1) started propagating changes at 17:44:18.53 on 28 Dec 2019
[2019-12-28 17:44:18 +0900] Sync Log:  [BGN] Updating file app/models/review.rb from /host_sync to /app_sync
[2019-12-28 17:44:18 +0900] Sync Log:  [END] Updating file app/models/review.rb
[2019-12-28 17:44:18 +0900] Sync Log:  UNISON 2.51.2 (OCAML 4.06.1) finished propagating changes at 17:44:18.53 on 28 Dec 2019
[2019-12-28 17:44:18 +0900] Sync Log:  Synchronization complete at 17:44:18  (1 item transferred, 0 skipped, 0 failed)
[2019-12-28 17:44:56 +0900] Sync Log:  UNISON 2.51.2 (OCAML 4.06.1) started propagating changes at 17:44:56.85 on 28 Dec 2019
[2019-12-28 17:44:56 +0900] Sync Log:  [BGN] Updating file config/routes.rb from /host_sync to /app_sync
[2019-12-28 17:44:56 +0900] Sync Log:  [END] Updating file config/routes.rb
[2019-12-28 17:44:56 +0900] Sync Log:  UNISON 2.51.2 (OCAML 4.06.1) finished propagating changes at 17:44:56.86 on 28 Dec 2019
[2019-12-28 17:44:56 +0900] Sync Log:  Synchronization complete at 17:44:56  (1 item transferred, 0 skipped, 0 failed)
[2019-12-28 17:44:58 +0900] Sync Log:  UNISON 2.51.2 (OCAML 4.06.1) started propagating changes at 17:44:58.88 on 28 Dec 2019
[2019-12-28 17:44:58 +0900] Sync Log:  [BGN] Updating file config/routes.rb from /host_sync to /app_sync
[2019-12-28 17:44:58 +0900] Sync Log:  [END] Updating file config/routes.rb
[2019-12-28 17:44:58 +0900] Sync Log:  UNISON 2.51.2 (OCAML 4.06.1) finished propagating changes at 17:44:58.89 on 28 Dec 2019
[2019-12-28 17:44:58 +0900] Sync Log:  Synchronization complete at 17:44:58  (1 item transferred, 0 skipped, 0 failed)
[2019-12-28 17:45:03 +0900] Sync Log:  UNISON 2.51.2 (OCAML 4.06.1) started propagating changes at 17:45:03.28 on 28 Dec 2019
[2019-12-28 17:45:03 +0900] Sync Log:  [BGN] Updating file config/routes.rb from /host_sync to /app_sync
[2019-12-28 17:45:03 +0900] Sync Log:  [END] Updating file config/routes.rb
[2019-12-28 17:45:03 +0900] Sync Log:  UNISON 2.51.2 (OCAML 4.06.1) finished propagating changes at 17:45:03.29 on 28 Dec 2019
[2019-12-28 17:45:03 +0900] Sync Log:  Synchronization complete at 17:45:03  (1 item transferred, 0 skipped, 0 failed)
[2019-12-28 17:45:18 +0900] Sync Log:  UNISON 2.51.2 (OCAML 4.06.1) started propagating changes at 17:45:18.11 on 28 Dec 2019
[2019-12-28 17:45:18 +0900] Sync Log:  [BGN] Updating file log/development.log from /app_sync to /host_sync
[2019-12-28 17:45:18 +0900] Sync Log:  [END] Updating file log/development.log
[2019-12-28 17:45:18 +0900] Sync Log:  UNISON 2.51.2 (OCAML 4.06.1) finished propagating changes at 17:45:18.23 on 28 Dec 2019
[2019-12-28 17:45:18 +0900] Sync Log:  Synchronization complete at 17:45:18  (1 item transferred, 0 skipped, 0 failed)
[2019-12-28 17:46:19 +0900] Sync Log:  UNISON 2.51.2 (OCAML 4.06.1) started propagating changes at 17:46:19.31 on 28 Dec 2019
[2019-12-28 17:46:19 +0900] Sync Log:  [BGN] Updating file app/models/review.rb from /host_sync to /app_sync
[2019-12-28 17:46:19 +0900] Sync Log:  [END] Updating file app/models/review.rb
[2019-12-28 17:46:19 +0900] Sync Log:  UNISON 2.51.2 (OCAML 4.06.1) finished propagating changes at 17:46:19.32 on 28 Dec 2019
[2019-12-28 17:46:19 +0900] Sync Log:  Synchronization complete at 17:46:19  (1 item transferred, 0 skipped, 0 failed)
[2019-12-28 17:46:21 +0900] Sync Log:  UNISON 2.51.2 (OCAML 4.06.1) started propagating changes at 17:46:21.34 on 28 Dec 2019
[2019-12-28 17:46:21 +0900] Sync Log:  [BGN] Updating file app/models/review.rb from /host_sync to /app_sync
[2019-12-28 17:46:21 +0900] Sync Log:  [END] Updating file app/models/review.rb
[2019-12-28 17:46:21 +0900] Sync Log:  UNISON 2.51.2 (OCAML 4.06.1) finished propagating changes at 17:46:21.35 on 28 Dec 2019
[2019-12-28 17:46:21 +0900] Sync Log:  Synchronization complete at 17:46:21  (1 item transferred, 0 skipped, 0 failed)
[2019-12-28 17:46:23 +0900] Sync Log:  UNISON 2.51.2 (OCAML 4.06.1) started propagating changes at 17:46:23.37 on 28 Dec 2019
[2019-12-28 17:46:23 +0900] Sync Log:  [BGN] Updating file log/development.log from /app_sync to /host_sync
[2019-12-28 17:46:23 +0900] Sync Log:  [END] Updating file log/development.log
[2019-12-28 17:46:23 +0900] Sync Log:  UNISON 2.51.2 (OCAML 4.06.1) finished propagating changes at 17:46:23.44 on 28 Dec 2019
[2019-12-28 17:46:23 +0900] Sync Log:  Synchronization complete at 17:46:23  (1 item transferred, 0 skipped, 0 failed)
[2019-12-28 17:47:38 +0900] Sync Log:  UNISON 2.51.2 (OCAML 4.06.1) started propagating changes at 17:47:38.03 on 28 Dec 2019
[2019-12-28 17:47:38 +0900] Sync Log:  [BGN] Updating file app/models/skill_item.rb from /host_sync to /app_sync
[2019-12-28 17:47:38 +0900] Sync Log:  [END] Updating file app/models/skill_item.rb
[2019-12-28 17:47:38 +0900] Sync Log:  UNISON 2.51.2 (OCAML 4.06.1) finished propagating changes at 17:47:38.04 on 28 Dec 2019
[2019-12-28 17:47:38 +0900] Sync Log:  Synchronization complete at 17:47:38  (1 item transferred, 0 skipped, 0 failed)
[2019-12-28 17:47:43 +0900] Sync Log:  UNISON 2.51.2 (OCAML 4.06.1) started propagating changes at 17:47:42.88 on 28 Dec 2019
[2019-12-28 17:47:43 +0900] Sync Log:  [BGN] Updating file app/models/skill_item.rb from /host_sync to /app_sync
[2019-12-28 17:47:43 +0900] Sync Log:  [END] Updating file app/models/skill_item.rb
[2019-12-28 17:47:43 +0900] Sync Log:  UNISON 2.51.2 (OCAML 4.06.1) finished propagating changes at 17:47:42.90 on 28 Dec 2019
[2019-12-28 17:47:43 +0900] Sync Log:  Synchronization complete at 17:47:42  (1 item transferred, 0 skipped, 0 failed)
[2019-12-28 17:47:50 +0900] Sync Log:  UNISON 2.51.2 (OCAML 4.06.1) started propagating changes at 17:47:49.88 on 28 Dec 2019
[2019-12-28 17:47:50 +0900] Sync Log:  [BGN] Updating file app/models/user.rb from /host_sync to /app_sync
[2019-12-28 17:47:50 +0900] Sync Log:  [END] Updating file app/models/user.rb
[2019-12-28 17:47:50 +0900] Sync Log:  UNISON 2.51.2 (OCAML 4.06.1) finished propagating changes at 17:47:49.88 on 28 Dec 2019
[2019-12-28 17:47:50 +0900] Sync Log:  Synchronization complete at 17:47:49  (1 item transferred, 0 skipped, 0 failed)
[2019-12-28 17:47:53 +0900] Sync Log:  UNISON 2.51.2 (OCAML 4.06.1) started propagating changes at 17:47:52.41 on 28 Dec 2019
[2019-12-28 17:47:53 +0900] Sync Log:  [BGN] Updating file app/models/user.rb from /host_sync to /app_sync
[2019-12-28 17:47:53 +0900] Sync Log:  [END] Updating file app/models/user.rb
[2019-12-28 17:47:53 +0900] Sync Log:  UNISON 2.51.2 (OCAML 4.06.1) finished propagating changes at 17:47:52.42 on 28 Dec 2019
[2019-12-28 17:47:53 +0900] Sync Log:  Synchronization complete at 17:47:52  (1 item transferred, 0 skipped, 0 failed)
[2019-12-28 17:48:31 +0900] Sync Log:  UNISON 2.51.2 (OCAML 4.06.1) started propagating changes at 17:48:30.97 on 28 Dec 2019
[2019-12-28 17:48:31 +0900] Sync Log:  [BGN] Updating file app/models/user.rb from /host_sync to /app_sync
[2019-12-28 17:48:31 +0900] Sync Log:  [END] Updating file app/models/user.rb
[2019-12-28 17:48:31 +0900] Sync Log:  UNISON 2.51.2 (OCAML 4.06.1) finished propagating changes at 17:48:30.98 on 28 Dec 2019
[2019-12-28 17:48:31 +0900] Sync Log:  Synchronization complete at 17:48:30  (1 item transferred, 0 skipped, 0 failed)
[2019-12-28 17:48:43 +0900] Sync Log:  UNISON 2.51.2 (OCAML 4.06.1) started propagating changes at 17:48:42.38 on 28 Dec 2019
[2019-12-28 17:48:43 +0900] Sync Log:  [BGN] Updating file app/models/review.rb from /host_sync to /app_sync
[2019-12-28 17:48:43 +0900] Sync Log:  [END] Updating file app/models/review.rb
[2019-12-28 17:48:43 +0900] Sync Log:  UNISON 2.51.2 (OCAML 4.06.1) finished propagating changes at 17:48:42.40 on 28 Dec 2019
[2019-12-28 17:48:43 +0900] Sync Log:  Synchronization complete at 17:48:42  (1 item transferred, 0 skipped, 0 failed)
[2019-12-28 17:48:45 +0900] Sync Log:  UNISON 2.51.2 (OCAML 4.06.1) started propagating changes at 17:48:44.45 on 28 Dec 2019
[2019-12-28 17:48:45 +0900] Sync Log:  [BGN] Updating file app/models/review.rb from /host_sync to /app_sync
[2019-12-28 17:48:45 +0900] Sync Log:  [END] Updating file app/models/review.rb
[2019-12-28 17:48:45 +0900] Sync Log:  UNISON 2.51.2 (OCAML 4.06.1) finished propagating changes at 17:48:44.46 on 28 Dec 2019
[2019-12-28 17:48:45 +0900] Sync Log:  Synchronization complete at 17:48:44  (1 item transferred, 0 skipped, 0 failed)
[2019-12-28 17:48:49 +0900] Sync Log:  UNISON 2.51.2 (OCAML 4.06.1) started propagating changes at 17:48:48.98 on 28 Dec 2019
[2019-12-28 17:48:49 +0900] Sync Log:  [BGN] Updating file app/models/review.rb from /host_sync to /app_sync
[2019-12-28 17:48:49 +0900] Sync Log:  [END] Updating file app/models/review.rb
[2019-12-28 17:48:49 +0900] Sync Log:  UNISON 2.51.2 (OCAML 4.06.1) finished propagating changes at 17:48:48.99 on 28 Dec 2019
[2019-12-28 17:48:49 +0900] Sync Log:  Synchronization complete at 17:48:48  (1 item transferred, 0 skipped, 0 failed)
[2019-12-28 17:48:53 +0900] Sync Log:  UNISON 2.51.2 (OCAML 4.06.1) started propagating changes at 17:48:52.48 on 28 Dec 2019
[2019-12-28 17:48:53 +0900] Sync Log:  [BGN] Updating file app/models/user.rb from /host_sync to /app_sync
[2019-12-28 17:48:53 +0900] Sync Log:  [END] Updating file app/models/user.rb
[2019-12-28 17:48:53 +0900] Sync Log:  UNISON 2.51.2 (OCAML 4.06.1) finished propagating changes at 17:48:52.49 on 28 Dec 2019
[2019-12-28 17:48:53 +0900] Sync Log:  Synchronization complete at 17:48:52  (1 item transferred, 0 skipped, 0 failed)
[2019-12-28 17:48:57 +0900] Sync Log:  UNISON 2.51.2 (OCAML 4.06.1) started propagating changes at 17:48:56.56 on 28 Dec 2019
[2019-12-28 17:48:57 +0900] Sync Log:  [BGN] Updating file app/models/user.rb from /host_sync to /app_sync
[2019-12-28 17:48:57 +0900] Sync Log:  [END] Updating file app/models/user.rb
[2019-12-28 17:48:57 +0900] Sync Log:  UNISON 2.51.2 (OCAML 4.06.1) finished propagating changes at 17:48:56.57 on 28 Dec 2019
[2019-12-28 17:48:57 +0900] Sync Log:  Synchronization complete at 17:48:56  (1 item transferred, 0 skipped, 0 failed)
[2019-12-28 17:49:10 +0900] Sync Log:  UNISON 2.51.2 (OCAML 4.06.1) started propagating changes at 17:49:09.80 on 28 Dec 2019
[2019-12-28 17:49:10 +0900] Sync Log:  [BGN] Updating file app/models/user.rb from /host_sync to /app_sync
[2019-12-28 17:49:10 +0900] Sync Log:  [END] Updating file app/models/user.rb
[2019-12-28 17:49:10 +0900] Sync Log:  UNISON 2.51.2 (OCAML 4.06.1) finished propagating changes at 17:49:09.81 on 28 Dec 2019
[2019-12-28 17:49:10 +0900] Sync Log:  Synchronization complete at 17:49:09  (1 item transferred, 0 skipped, 0 failed)
[2019-12-28 17:49:23 +0900] Sync Log:  UNISON 2.51.2 (OCAML 4.06.1) started propagating changes at 17:49:22.36 on 28 Dec 2019
[2019-12-28 17:49:23 +0900] Sync Log:  [BGN] Updating file app/models/user.rb from /host_sync to /app_sync
[2019-12-28 17:49:23 +0900] Sync Log:  [END] Updating file app/models/user.rb
[2019-12-28 17:49:23 +0900] Sync Log:  UNISON 2.51.2 (OCAML 4.06.1) finished propagating changes at 17:49:22.38 on 28 Dec 2019
[2019-12-28 17:49:23 +0900] Sync Log:  Synchronization complete at 17:49:22  (1 item transferred, 0 skipped, 0 failed)
[2019-12-28 17:49:24 +0900] Sync Log:  UNISON 2.51.2 (OCAML 4.06.1) started propagating changes at 17:49:23.40 on 28 Dec 2019
[2019-12-28 17:49:24 +0900] Sync Log:  [BGN] Updating file app/models/user.rb from /host_sync to /app_sync
[2019-12-28 17:49:24 +0900] Sync Log:  [END] Updating file app/models/user.rb
[2019-12-28 17:49:24 +0900] Sync Log:  UNISON 2.51.2 (OCAML 4.06.1) finished propagating changes at 17:49:23.41 on 28 Dec 2019
[2019-12-28 17:49:24 +0900] Sync Log:  Synchronization complete at 17:49:23  (1 item transferred, 0 skipped, 0 failed)
[2019-12-28 17:49:28 +0900] Sync Log:  UNISON 2.51.2 (OCAML 4.06.1) started propagating changes at 17:49:27.32 on 28 Dec 2019
[2019-12-28 17:49:28 +0900] Sync Log:  [BGN] Updating file app/models/review.rb from /host_sync to /app_sync
[2019-12-28 17:49:28 +0900] Sync Log:  [END] Updating file app/models/review.rb
[2019-12-28 17:49:28 +0900] Sync Log:  UNISON 2.51.2 (OCAML 4.06.1) finished propagating changes at 17:49:27.33 on 28 Dec 2019
[2019-12-28 17:49:28 +0900] Sync Log:  Synchronization complete at 17:49:27  (1 item transferred, 0 skipped, 0 failed)
[2019-12-28 17:49:30 +0900] Sync Log:  UNISON 2.51.2 (OCAML 4.06.1) started propagating changes at 17:49:29.86 on 28 Dec 2019
[2019-12-28 17:49:30 +0900] Sync Log:  [BGN] Updating file app/models/review.rb from /host_sync to /app_sync
[2019-12-28 17:49:30 +0900] Sync Log:  [END] Updating file app/models/review.rb
[2019-12-28 17:49:30 +0900] Sync Log:  UNISON 2.51.2 (OCAML 4.06.1) finished propagating changes at 17:49:29.87 on 28 Dec 2019
[2019-12-28 17:49:30 +0900] Sync Log:  Synchronization complete at 17:49:29  (1 item transferred, 0 skipped, 0 failed)
[2019-12-28 17:49:32 +0900] Sync Log:  UNISON 2.51.2 (OCAML 4.06.1) started propagating changes at 17:49:31.89 on 28 Dec 2019
[2019-12-28 17:49:32 +0900] Sync Log:  [BGN] Updating file app/models/user.rb from /host_sync to /app_sync
[2019-12-28 17:49:32 +0900] Sync Log:  [END] Updating file app/models/user.rb
[2019-12-28 17:49:32 +0900] Sync Log:  UNISON 2.51.2 (OCAML 4.06.1) finished propagating changes at 17:49:31.90 on 28 Dec 2019
[2019-12-28 17:49:32 +0900] Sync Log:  Synchronization complete at 17:49:31  (1 item transferred, 0 skipped, 0 failed)
[2019-12-28 17:49:34 +0900] Sync Log:  UNISON 2.51.2 (OCAML 4.06.1) started propagating changes at 17:49:33.92 on 28 Dec 2019
[2019-12-28 17:49:34 +0900] Sync Log:  [BGN] Updating file app/models/user.rb from /host_sync to /app_sync
[2019-12-28 17:49:34 +0900] Sync Log:  [END] Updating file app/models/user.rb
[2019-12-28 17:49:34 +0900] Sync Log:  UNISON 2.51.2 (OCAML 4.06.1) finished propagating changes at 17:49:33.92 on 28 Dec 2019
[2019-12-28 17:49:34 +0900] Sync Log:  Synchronization complete at 17:49:33  (1 item transferred, 0 skipped, 0 failed)
[2019-12-28 17:49:36 +0900] Sync Log:  UNISON 2.51.2 (OCAML 4.06.1) started propagating changes at 17:49:35.94 on 28 Dec 2019
[2019-12-28 17:49:36 +0900] Sync Log:  [BGN] Updating file app/models/review.rb from /host_sync to /app_sync
[2019-12-28 17:49:36 +0900] Sync Log:  [END] Updating file app/models/review.rb
[2019-12-28 17:49:36 +0900] Sync Log:  UNISON 2.51.2 (OCAML 4.06.1) finished propagating changes at 17:49:35.95 on 28 Dec 2019
[2019-12-28 17:49:36 +0900] Sync Log:  Synchronization complete at 17:49:35  (1 item transferred, 0 skipped, 0 failed)
[2019-12-28 17:49:38 +0900] Sync Log:  UNISON 2.51.2 (OCAML 4.06.1) started propagating changes at 17:49:37.98 on 28 Dec 2019
[2019-12-28 17:49:38 +0900] Sync Log:  [BGN] Updating file app/models/review.rb from /host_sync to /app_sync
[2019-12-28 17:49:38 +0900] Sync Log:  [END] Updating file app/models/review.rb
[2019-12-28 17:49:38 +0900] Sync Log:  UNISON 2.51.2 (OCAML 4.06.1) finished propagating changes at 17:49:37.99 on 28 Dec 2019
[2019-12-28 17:49:38 +0900] Sync Log:  Synchronization complete at 17:49:37  (1 item transferred, 0 skipped, 0 failed)
[2019-12-28 17:49:44 +0900] Sync Log:  UNISON 2.51.2 (OCAML 4.06.1) started propagating changes at 17:49:43.46 on 28 Dec 2019
[2019-12-28 17:49:44 +0900] Sync Log:  [BGN] Updating file app/models/review.rb from /host_sync to /app_sync
[2019-12-28 17:49:44 +0900] Sync Log:  [END] Updating file app/models/review.rb
[2019-12-28 17:49:44 +0900] Sync Log:  UNISON 2.51.2 (OCAML 4.06.1) finished propagating changes at 17:49:43.47 on 28 Dec 2019
[2019-12-28 17:49:44 +0900] Sync Log:  Synchronization complete at 17:49:43  (1 item transferred, 0 skipped, 0 failed)
[2019-12-28 17:49:46 +0900] Sync Log:  UNISON 2.51.2 (OCAML 4.06.1) started propagating changes at 17:49:45.49 on 28 Dec 2019
[2019-12-28 17:49:46 +0900] Sync Log:  [BGN] Updating file app/models/review.rb from /host_sync to /app_sync
[2019-12-28 17:49:46 +0900] Sync Log:  [END] Updating file app/models/review.rb
[2019-12-28 17:49:46 +0900] Sync Log:  UNISON 2.51.2 (OCAML 4.06.1) finished propagating changes at 17:49:45.51 on 28 Dec 2019
[2019-12-28 17:49:46 +0900] Sync Log:  Synchronization complete at 17:49:45  (1 item transferred, 0 skipped, 0 failed)
[2019-12-28 17:50:45 +0900] Sync Log:  UNISON 2.51.2 (OCAML 4.06.1) started propagating changes at 17:50:44.62 on 28 Dec 2019
[2019-12-28 17:50:45 +0900] Sync Log:  [BGN] Updating file app/models/review.rb from /host_sync to /app_sync
[2019-12-28 17:50:45 +0900] Sync Log:  [END] Updating file app/models/review.rb
[2019-12-28 17:50:45 +0900] Sync Log:  UNISON 2.51.2 (OCAML 4.06.1) finished propagating changes at 17:50:44.63 on 28 Dec 2019
[2019-12-28 17:50:45 +0900] Sync Log:  Synchronization complete at 17:50:44  (1 item transferred, 0 skipped, 0 failed)
[2019-12-28 17:51:15 +0900] Sync Log:  UNISON 2.51.2 (OCAML 4.06.1) started propagating changes at 17:51:14.98 on 28 Dec 2019
[2019-12-28 17:51:15 +0900] Sync Log:  [BGN] Updating file app/controllers/profiles_controller.rb from /host_sync to /app_sync
[2019-12-28 17:51:15 +0900] Sync Log:  [END] Updating file app/controllers/profiles_controller.rb
[2019-12-28 17:51:15 +0900] Sync Log:  UNISON 2.51.2 (OCAML 4.06.1) finished propagating changes at 17:51:14.99 on 28 Dec 2019
[2019-12-28 17:51:15 +0900] Sync Log:  Synchronization complete at 17:51:14  (1 item transferred, 0 skipped, 0 failed)
[2019-12-28 17:51:56 +0900] Sync Log:  UNISON 2.51.2 (OCAML 4.06.1) started propagating changes at 17:51:55.77 on 28 Dec 2019
[2019-12-28 17:51:56 +0900] Sync Log:  [BGN] Updating file app/serializers/review_serializer.rb from /host_sync to /app_sync
[2019-12-28 17:51:56 +0900] Sync Log:  [END] Updating file app/serializers/review_serializer.rb
[2019-12-28 17:51:56 +0900] Sync Log:  UNISON 2.51.2 (OCAML 4.06.1) finished propagating changes at 17:51:55.78 on 28 Dec 2019
[2019-12-28 17:51:56 +0900] Sync Log:  Synchronization complete at 17:51:55  (1 item transferred, 0 skipped, 0 failed)
[2019-12-28 17:52:15 +0900] Sync Log:  UNISON 2.51.2 (OCAML 4.06.1) started propagating changes at 17:52:15.56 on 28 Dec 2019
[2019-12-28 17:52:15 +0900] Sync Log:  [BGN] Updating file log/development.log from /app_sync to /host_sync
[2019-12-28 17:52:15 +0900] Sync Log:  [END] Updating file log/development.log
[2019-12-28 17:52:15 +0900] Sync Log:  UNISON 2.51.2 (OCAML 4.06.1) finished propagating changes at 17:52:15.66 on 28 Dec 2019
[2019-12-28 17:52:15 +0900] Sync Log:  Synchronization complete at 17:52:15  (1 item transferred, 0 skipped, 0 failed)
[2019-12-28 17:52:29 +0900] Sync Log:  UNISON 2.51.2 (OCAML 4.06.1) started propagating changes at 17:52:28.84 on 28 Dec 2019
[2019-12-28 17:52:29 +0900] Sync Log:  [BGN] Updating file app/controllers/profiles_controller.rb from /host_sync to /app_sync
[2019-12-28 17:52:29 +0900] Sync Log:  [END] Updating file app/controllers/profiles_controller.rb
[2019-12-28 17:52:29 +0900] Sync Log:  UNISON 2.51.2 (OCAML 4.06.1) finished propagating changes at 17:52:28.85 on 28 Dec 2019
[2019-12-28 17:52:29 +0900] Sync Log:  Synchronization complete at 17:52:28  (1 item transferred, 0 skipped, 0 failed)
[2019-12-28 17:52:31 +0900] Sync Log:  UNISON 2.51.2 (OCAML 4.06.1) started propagating changes at 17:52:30.87 on 28 Dec 2019
[2019-12-28 17:52:31 +0900] Sync Log:  [BGN] Updating file log/development.log from /app_sync to /host_sync
[2019-12-28 17:52:31 +0900] Sync Log:  [END] Updating file log/development.log
[2019-12-28 17:52:31 +0900] Sync Log:  UNISON 2.51.2 (OCAML 4.06.1) finished propagating changes at 17:52:30.96 on 28 Dec 2019
[2019-12-28 17:52:31 +0900] Sync Log:  Synchronization complete at 17:52:30  (1 item transferred, 0 skipped, 0 failed)
[2019-12-28 17:53:39 +0900] Sync Log:  UNISON 2.51.2 (OCAML 4.06.1) started propagating changes at 17:53:39.73 on 28 Dec 2019
[2019-12-28 17:53:39 +0900] Sync Log:  [BGN] Updating file log/development.log from /app_sync to /host_sync
[2019-12-28 17:53:40 +0900] Sync Log:  [END] Updating file log/development.log
[2019-12-28 17:53:40 +0900] Sync Log:  UNISON 2.51.2 (OCAML 4.06.1) finished propagating changes at 17:53:39.82 on 28 Dec 2019
[2019-12-28 17:53:40 +0900] Sync Log:  Synchronization complete at 17:53:39  (1 item transferred, 0 skipped, 0 failed)
[2019-12-28 17:54:00 +0900] Sync Log:  UNISON 2.51.2 (OCAML 4.06.1) started propagating changes at 17:54:00.10 on 28 Dec 2019
[2019-12-28 17:54:00 +0900] Sync Log:  [BGN] Updating file config/routes.rb from /host_sync to /app_sync
[2019-12-28 17:54:00 +0900] Sync Log:  [END] Updating file config/routes.rb
[2019-12-28 17:54:00 +0900] Sync Log:  UNISON 2.51.2 (OCAML 4.06.1) finished propagating changes at 17:54:00.11 on 28 Dec 2019
[2019-12-28 17:54:00 +0900] Sync Log:  Synchronization complete at 17:54:00  (1 item transferred, 0 skipped, 0 failed)
[2019-12-28 17:54:01 +0900] Sync Log:  UNISON 2.51.2 (OCAML 4.06.1) started propagating changes at 17:54:01.12 on 28 Dec 2019
[2019-12-28 17:54:01 +0900] Sync Log:  [BGN] Updating file log/development.log from /app_sync to /host_sync
[2019-12-28 17:54:01 +0900] Sync Log:  [END] Updating file log/development.log
[2019-12-28 17:54:01 +0900] Sync Log:  UNISON 2.51.2 (OCAML 4.06.1) finished propagating changes at 17:54:01.20 on 28 Dec 2019
[2019-12-28 17:54:01 +0900] Sync Log:  Synchronization complete at 17:54:01  (1 item transferred, 0 skipped, 0 failed)
[2019-12-28 17:54:05 +0900] Sync Log:  UNISON 2.51.2 (OCAML 4.06.1) started propagating changes at 17:54:04.95 on 28 Dec 2019
[2019-12-28 17:54:05 +0900] Sync Log:  [BGN] Updating file log/development.log from /app_sync to /host_sync
[2019-12-28 17:54:05 +0900] Sync Log:  [END] Updating file log/development.log
[2019-12-28 17:54:05 +0900] Sync Log:  UNISON 2.51.2 (OCAML 4.06.1) finished propagating changes at 17:54:05.03 on 28 Dec 2019
[2019-12-28 17:54:05 +0900] Sync Log:  Synchronization complete at 17:54:05  (1 item transferred, 0 skipped, 0 failed)
[2019-12-28 17:54:06 +0900] Sync Log:  UNISON 2.51.2 (OCAML 4.06.1) started propagating changes at 17:54:06.06 on 28 Dec 2019
[2019-12-28 17:54:06 +0900] Sync Log:  [BGN] Updating file log/development.log from /app_sync to /host_sync
[2019-12-28 17:54:06 +0900] Sync Log:  [END] Updating file log/development.log
[2019-12-28 17:54:06 +0900] Sync Log:  UNISON 2.51.2 (OCAML 4.06.1) finished propagating changes at 17:54:06.14 on 28 Dec 2019
[2019-12-28 17:54:06 +0900] Sync Log:  Synchronization complete at 17:54:06  (1 item transferred, 0 skipped, 0 failed)
[2019-12-28 17:54:41 +0900] Sync Log:  UNISON 2.51.2 (OCAML 4.06.1) started propagating changes at 17:54:40.84 on 28 Dec 2019
[2019-12-28 17:54:41 +0900] Sync Log:  [BGN] Updating file app/serializers/review_serializer.rb from /host_sync to /app_sync
[2019-12-28 17:54:41 +0900] Sync Log:  [END] Updating file app/serializers/review_serializer.rb
[2019-12-28 17:54:41 +0900] Sync Log:  UNISON 2.51.2 (OCAML 4.06.1) finished propagating changes at 17:54:40.85 on 28 Dec 2019
[2019-12-28 17:54:41 +0900] Sync Log:  Synchronization complete at 17:54:40  (1 item transferred, 0 skipped, 0 failed)
[2019-12-28 17:54:44 +0900] Sync Log:  UNISON 2.51.2 (OCAML 4.06.1) started propagating changes at 17:54:43.88 on 28 Dec 2019
[2019-12-28 17:54:44 +0900] Sync Log:  [BGN] Updating file log/development.log from /app_sync to /host_sync
[2019-12-28 17:54:44 +0900] Sync Log:  [END] Updating file log/development.log
[2019-12-28 17:54:44 +0900] Sync Log:  UNISON 2.51.2 (OCAML 4.06.1) finished propagating changes at 17:54:43.95 on 28 Dec 2019
[2019-12-28 17:54:44 +0900] Sync Log:  Synchronization complete at 17:54:43  (1 item transferred, 0 skipped, 0 failed)
[2019-12-28 17:58:20 +0900] Sync Log:  UNISON 2.51.2 (OCAML 4.06.1) started propagating changes at 17:58:19.99 on 28 Dec 2019
[2019-12-28 17:58:20 +0900] Sync Log:  [BGN] Updating file app/services/user_service.rb from /host_sync to /app_sync
[2019-12-28 17:58:20 +0900] Sync Log:  [END] Updating file app/services/user_service.rb
[2019-12-28 17:58:20 +0900] Sync Log:  UNISON 2.51.2 (OCAML 4.06.1) finished propagating changes at 17:58:19.99 on 28 Dec 2019
[2019-12-28 17:58:20 +0900] Sync Log:  Synchronization complete at 17:58:20  (1 item transferred, 0 skipped, 0 failed)
[2019-12-28 17:58:22 +0900] Sync Log:  UNISON 2.51.2 (OCAML 4.06.1) started propagating changes at 17:58:22.02 on 28 Dec 2019
[2019-12-28 17:58:22 +0900] Sync Log:  [BGN] Updating file app/services/user_service.rb from /host_sync to /app_sync
[2019-12-28 17:58:22 +0900] Sync Log:  [END] Updating file app/services/user_service.rb
[2019-12-28 17:58:22 +0900] Sync Log:  UNISON 2.51.2 (OCAML 4.06.1) finished propagating changes at 17:58:22.03 on 28 Dec 2019
[2019-12-28 17:58:22 +0900] Sync Log:  Synchronization complete at 17:58:22  (1 item transferred, 0 skipped, 0 failed)
[2019-12-28 17:58:53 +0900] Sync Log:  UNISON 2.51.2 (OCAML 4.06.1) started propagating changes at 17:58:53.31 on 28 Dec 2019
[2019-12-28 17:58:53 +0900] Sync Log:  [BGN] Updating file app/services/user_service.rb from /host_sync to /app_sync
[2019-12-28 17:58:53 +0900] Sync Log:  [END] Updating file app/services/user_service.rb
[2019-12-28 17:58:53 +0900] Sync Log:  UNISON 2.51.2 (OCAML 4.06.1) finished propagating changes at 17:58:53.32 on 28 Dec 2019
[2019-12-28 17:58:53 +0900] Sync Log:  Synchronization complete at 17:58:53  (1 item transferred, 0 skipped, 0 failed)
[2019-12-28 18:04:21 +0900] Sync Log:  UNISON 2.51.2 (OCAML 4.06.1) started propagating changes at 18:04:21.51 on 28 Dec 2019
[2019-12-28 18:04:21 +0900] Sync Log:  [BGN] Updating file app/serializers/review_serializer.rb from /host_sync to /app_sync
[2019-12-28 18:04:21 +0900] Sync Log:  [END] Updating file app/serializers/review_serializer.rb
[2019-12-28 18:04:21 +0900] Sync Log:  UNISON 2.51.2 (OCAML 4.06.1) finished propagating changes at 18:04:21.52 on 28 Dec 2019
[2019-12-28 18:04:21 +0900] Sync Log:  Synchronization complete at 18:04:21  (1 item transferred, 0 skipped, 0 failed)
[2019-12-28 18:04:26 +0900] Sync Log:  UNISON 2.51.2 (OCAML 4.06.1) started propagating changes at 18:04:26.58 on 28 Dec 2019
[2019-12-28 18:04:26 +0900] Sync Log:  [BGN] Updating file app/serializers/review_serializer.rb from /host_sync to /app_sync
[2019-12-28 18:04:26 +0900] Sync Log:  [END] Updating file app/serializers/review_serializer.rb
[2019-12-28 18:04:26 +0900] Sync Log:  UNISON 2.51.2 (OCAML 4.06.1) finished propagating changes at 18:04:26.59 on 28 Dec 2019
[2019-12-28 18:04:26 +0900] Sync Log:  Synchronization complete at 18:04:26  (1 item transferred, 0 skipped, 0 failed)
[2019-12-28 18:04:28 +0900] Sync Log:  UNISON 2.51.2 (OCAML 4.06.1) started propagating changes at 18:04:28.61 on 28 Dec 2019
[2019-12-28 18:04:28 +0900] Sync Log:  [BGN] Updating file app/serializers/review_serializer.rb from /host_sync to /app_sync
[2019-12-28 18:04:28 +0900] Sync Log:  [END] Updating file app/serializers/review_serializer.rb
[2019-12-28 18:04:28 +0900] Sync Log:  UNISON 2.51.2 (OCAML 4.06.1) finished propagating changes at 18:04:28.62 on 28 Dec 2019
[2019-12-28 18:04:28 +0900] Sync Log:  Synchronization complete at 18:04:28  (1 item transferred, 0 skipped, 0 failed)
[2019-12-28 18:04:36 +0900] Sync Log:  UNISON 2.51.2 (OCAML 4.06.1) started propagating changes at 18:04:36.08 on 28 Dec 2019
[2019-12-28 18:04:36 +0900] Sync Log:  [BGN] Updating file app/serializers/review_serializer.rb from /host_sync to /app_sync
[2019-12-28 18:04:36 +0900] Sync Log:  [END] Updating file app/serializers/review_serializer.rb
[2019-12-28 18:04:36 +0900] Sync Log:  UNISON 2.51.2 (OCAML 4.06.1) finished propagating changes at 18:04:36.08 on 28 Dec 2019
[2019-12-28 18:04:36 +0900] Sync Log:  Synchronization complete at 18:04:36  (1 item transferred, 0 skipped, 0 failed)
[2019-12-28 18:04:37 +0900] Sync Log:  UNISON 2.51.2 (OCAML 4.06.1) started propagating changes at 18:04:37.10 on 28 Dec 2019
[2019-12-28 18:04:37 +0900] Sync Log:  [BGN] Updating file app/serializers/review_serializer.rb from /host_sync to /app_sync
[2019-12-28 18:04:37 +0900] Sync Log:  [END] Updating file app/serializers/review_serializer.rb
[2019-12-28 18:04:37 +0900] Sync Log:  UNISON 2.51.2 (OCAML 4.06.1) finished propagating changes at 18:04:37.11 on 28 Dec 2019
[2019-12-28 18:04:37 +0900] Sync Log:  Synchronization complete at 18:04:37  (1 item transferred, 0 skipped, 0 failed)
[2019-12-28 18:04:43 +0900] Sync Log:  UNISON 2.51.2 (OCAML 4.06.1) started propagating changes at 18:04:43.40 on 28 Dec 2019
[2019-12-28 18:04:43 +0900] Sync Log:  [BGN] Updating file app/serializers/review_serializer.rb from /host_sync to /app_sync
[2019-12-28 18:04:43 +0900] Sync Log:  [END] Updating file app/serializers/review_serializer.rb
[2019-12-28 18:04:43 +0900] Sync Log:  UNISON 2.51.2 (OCAML 4.06.1) finished propagating changes at 18:04:43.41 on 28 Dec 2019
[2019-12-28 18:04:43 +0900] Sync Log:  Synchronization complete at 18:04:43  (1 item transferred, 0 skipped, 0 failed)
[2019-12-28 18:04:52 +0900] Sync Log:  UNISON 2.51.2 (OCAML 4.06.1) started propagating changes at 18:04:52.45 on 28 Dec 2019
[2019-12-28 18:04:52 +0900] Sync Log:  [BGN] Updating file app/serializers/review_serializer.rb from /host_sync to /app_sync
[2019-12-28 18:04:52 +0900] Sync Log:  [END] Updating file app/serializers/review_serializer.rb
[2019-12-28 18:04:52 +0900] Sync Log:  UNISON 2.51.2 (OCAML 4.06.1) finished propagating changes at 18:04:52.46 on 28 Dec 2019
[2019-12-28 18:04:52 +0900] Sync Log:  Synchronization complete at 18:04:52  (1 item transferred, 0 skipped, 0 failed)
[2019-12-28 18:04:54 +0900] Sync Log:  UNISON 2.51.2 (OCAML 4.06.1) started propagating changes at 18:04:54.48 on 28 Dec 2019
[2019-12-28 18:04:54 +0900] Sync Log:  [BGN] Updating file app/serializers/review_serializer.rb from /host_sync to /app_sync
[2019-12-28 18:04:54 +0900] Sync Log:  [END] Updating file app/serializers/review_serializer.rb
[2019-12-28 18:04:54 +0900] Sync Log:  UNISON 2.51.2 (OCAML 4.06.1) finished propagating changes at 18:04:54.49 on 28 Dec 2019
[2019-12-28 18:04:54 +0900] Sync Log:  Synchronization complete at 18:04:54  (1 item transferred, 0 skipped, 0 failed)
[2019-12-28 18:05:04 +0900] Sync Log:  UNISON 2.51.2 (OCAML 4.06.1) started propagating changes at 18:05:04.75 on 28 Dec 2019
[2019-12-28 18:05:04 +0900] Sync Log:  [BGN] Updating file app/serializers/review_serializer.rb from /host_sync to /app_sync
[2019-12-28 18:05:04 +0900] Sync Log:  [END] Updating file app/serializers/review_serializer.rb
[2019-12-28 18:05:04 +0900] Sync Log:  UNISON 2.51.2 (OCAML 4.06.1) finished propagating changes at 18:05:04.76 on 28 Dec 2019
[2019-12-28 18:05:04 +0900] Sync Log:  Synchronization complete at 18:05:04  (1 item transferred, 0 skipped, 0 failed)
[2019-12-28 18:05:10 +0900] Sync Log:  UNISON 2.51.2 (OCAML 4.06.1) started propagating changes at 18:05:09.88 on 28 Dec 2019
[2019-12-28 18:05:10 +0900] Sync Log:  [BGN] Updating file app/serializers/review_serializer.rb from /host_sync to /app_sync
[2019-12-28 18:05:10 +0900] Sync Log:  [END] Updating file app/serializers/review_serializer.rb
[2019-12-28 18:05:10 +0900] Sync Log:  UNISON 2.51.2 (OCAML 4.06.1) finished propagating changes at 18:05:09.89 on 28 Dec 2019
[2019-12-28 18:05:10 +0900] Sync Log:  Synchronization complete at 18:05:09  (1 item transferred, 0 skipped, 0 failed)
[2019-12-28 18:05:17 +0900] Sync Log:  UNISON 2.51.2 (OCAML 4.06.1) started propagating changes at 18:05:16.98 on 28 Dec 2019
[2019-12-28 18:05:17 +0900] Sync Log:  [BGN] Updating file log/development.log from /app_sync to /host_sync
[2019-12-28 18:05:17 +0900] Sync Log:  [END] Updating file log/development.log
[2019-12-28 18:05:17 +0900] Sync Log:  UNISON 2.51.2 (OCAML 4.06.1) finished propagating changes at 18:05:17.07 on 28 Dec 2019
[2019-12-28 18:05:17 +0900] Sync Log:  Synchronization complete at 18:05:17  (1 item transferred, 0 skipped, 0 failed)
[2019-12-28 18:05:22 +0900] Sync Log:  UNISON 2.51.2 (OCAML 4.06.1) started propagating changes at 18:05:22.70 on 28 Dec 2019
[2019-12-28 18:05:22 +0900] Sync Log:  [BGN] Updating file log/development.log from /app_sync to /host_sync
[2019-12-28 18:05:22 +0900] Sync Log:  [END] Updating file log/development.log
[2019-12-28 18:05:22 +0900] Sync Log:  UNISON 2.51.2 (OCAML 4.06.1) finished propagating changes at 18:05:22.76 on 28 Dec 2019
[2019-12-28 18:05:22 +0900] Sync Log:  Synchronization complete at 18:05:22  (1 item transferred, 0 skipped, 0 failed)
[2019-12-28 18:38:19 +0900] Sync Log:  UNISON 2.51.2 (OCAML 4.06.1) started propagating changes at 18:38:18.95 on 28 Dec 2019
[2019-12-28 18:38:19 +0900] Sync Log:  [BGN] Updating file log/development.log from /app_sync to /host_sync
[2019-12-28 18:38:19 +0900] Sync Log:  [END] Updating file log/development.log
[2019-12-28 18:38:19 +0900] Sync Log:  UNISON 2.51.2 (OCAML 4.06.1) finished propagating changes at 18:38:19.03 on 28 Dec 2019
[2019-12-28 18:38:19 +0900] Sync Log:  Synchronization complete at 18:38:19  (1 item transferred, 0 skipped, 0 failed)
[2019-12-28 18:38:24 +0900] Sync Log:  UNISON 2.51.2 (OCAML 4.06.1) started propagating changes at 18:38:24.68 on 28 Dec 2019
[2019-12-28 18:38:24 +0900] Sync Log:  [BGN] Updating file log/development.log from /app_sync to /host_sync
[2019-12-28 18:38:25 +0900] Sync Log:  [END] Updating file log/development.log
[2019-12-28 18:38:25 +0900] Sync Log:  UNISON 2.51.2 (OCAML 4.06.1) finished propagating changes at 18:38:24.79 on 28 Dec 2019
[2019-12-28 18:38:25 +0900] Sync Log:  Synchronization complete at 18:38:24  (1 item transferred, 0 skipped, 0 failed)
[2019-12-28 18:38:47 +0900] Sync Log:  UNISON 2.51.2 (OCAML 4.06.1) started propagating changes at 18:38:47.37 on 28 Dec 2019
[2019-12-28 18:38:47 +0900] Sync Log:  [BGN] Updating file log/development.log from /app_sync to /host_sync
[2019-12-28 18:38:47 +0900] Sync Log:  [END] Updating file log/development.log
[2019-12-28 18:38:47 +0900] Sync Log:  UNISON 2.51.2 (OCAML 4.06.1) finished propagating changes at 18:38:47.47 on 28 Dec 2019
[2019-12-28 18:38:47 +0900] Sync Log:  Synchronization complete at 18:38:47  (1 item transferred, 0 skipped, 0 failed)
[2019-12-28 18:38:49 +0900] Sync Log:  UNISON 2.51.2 (OCAML 4.06.1) started propagating changes at 18:38:49.50 on 28 Dec 2019
[2019-12-28 18:38:49 +0900] Sync Log:  [BGN] Updating file log/development.log from /app_sync to /host_sync
[2019-12-28 18:38:49 +0900] Sync Log:  [END] Updating file log/development.log
[2019-12-28 18:38:49 +0900] Sync Log:  UNISON 2.51.2 (OCAML 4.06.1) finished propagating changes at 18:38:49.60 on 28 Dec 2019
[2019-12-28 18:38:49 +0900] Sync Log:  Synchronization complete at 18:38:49  (1 item transferred, 0 skipped, 0 failed)
[2019-12-28 18:39:08 +0900] Sync Log:  UNISON 2.51.2 (OCAML 4.06.1) started propagating changes at 18:39:07.87 on 28 Dec 2019
[2019-12-28 18:39:08 +0900] Sync Log:  [BGN] Updating file log/development.log from /app_sync to /host_sync
[2019-12-28 18:39:08 +0900] Sync Log:  [END] Updating file log/development.log
[2019-12-28 18:39:08 +0900] Sync Log:  UNISON 2.51.2 (OCAML 4.06.1) finished propagating changes at 18:39:07.96 on 28 Dec 2019
[2019-12-28 18:39:08 +0900] Sync Log:  Synchronization complete at 18:39:07  (1 item transferred, 0 skipped, 0 failed)
[2019-12-28 18:40:11 +0900] Sync Log:  UNISON 2.51.2 (OCAML 4.06.1) started propagating changes at 18:40:11.66 on 28 Dec 2019
[2019-12-28 18:40:11 +0900] Sync Log:  [BGN] Updating file log/development.log from /app_sync to /host_sync
[2019-12-28 18:40:11 +0900] Sync Log:  [END] Updating file log/development.log
[2019-12-28 18:40:11 +0900] Sync Log:  UNISON 2.51.2 (OCAML 4.06.1) finished propagating changes at 18:40:11.73 on 28 Dec 2019
[2019-12-28 18:40:11 +0900] Sync Log:  Synchronization complete at 18:40:11  (1 item transferred, 0 skipped, 0 failed)
[2019-12-28 18:40:43 +0900] Sync Log:  UNISON 2.51.2 (OCAML 4.06.1) started propagating changes at 18:40:43.52 on 28 Dec 2019
[2019-12-28 18:40:43 +0900] Sync Log:  [BGN] Updating file log/development.log from /app_sync to /host_sync
[2019-12-28 18:40:43 +0900] Sync Log:  [END] Updating file log/development.log
[2019-12-28 18:40:43 +0900] Sync Log:  UNISON 2.51.2 (OCAML 4.06.1) finished propagating changes at 18:40:43.60 on 28 Dec 2019
[2019-12-28 18:40:43 +0900] Sync Log:  Synchronization complete at 18:40:43  (1 item transferred, 0 skipped, 0 failed)
[2019-12-28 18:40:49 +0900] Sync Log:  UNISON 2.51.2 (OCAML 4.06.1) started propagating changes at 18:40:49.83 on 28 Dec 2019
[2019-12-28 18:40:49 +0900] Sync Log:  [BGN] Updating file log/development.log from /app_sync to /host_sync
[2019-12-28 18:40:50 +0900] Sync Log:  [END] Updating file log/development.log
[2019-12-28 18:40:50 +0900] Sync Log:  UNISON 2.51.2 (OCAML 4.06.1) finished propagating changes at 18:40:49.91 on 28 Dec 2019
[2019-12-28 18:40:50 +0900] Sync Log:  Synchronization complete at 18:40:49  (1 item transferred, 0 skipped, 0 failed)
[2019-12-28 18:41:05 +0900] Sync Log:  UNISON 2.51.2 (OCAML 4.06.1) started propagating changes at 18:41:05.24 on 28 Dec 2019
[2019-12-28 18:41:05 +0900] Sync Log:  [BGN] Updating file log/development.log from /app_sync to /host_sync
[2019-12-28 18:41:05 +0900] Sync Log:  [END] Updating file log/development.log
[2019-12-28 18:41:05 +0900] Sync Log:  UNISON 2.51.2 (OCAML 4.06.1) finished propagating changes at 18:41:05.32 on 28 Dec 2019
[2019-12-28 18:41:05 +0900] Sync Log:  Synchronization complete at 18:41:05  (1 item transferred, 0 skipped, 0 failed)
[2019-12-28 18:41:17 +0900] Sync Log:  Error response from daemon: dial unix docker.raw.sock: connect: connection refused
